<?xml version="1.0" encoding="UTF-8"?>
<!-- Generated by org.testng.reporters.JUnitXMLReporter -->
<testsuite ignored="0" hostname="HareKrishna" failures="0" tests="4" name="Default test" time="119.209" errors="0" timestamp="2021-05-08T12:27:09 IST">
  <testcase classname="com.orangehrm.qa.testcases.FreeDemoPageTest" name="createMultiUser" time="1.936"/>
  <testcase classname="com.orangehrm.qa.testcases.FreeDemoPageTest" name="createMultiUser" time="1.874"/>
  <testcase classname="com.orangehrm.qa.testcases.FreeDemoPageTest" name="createMultiUser" time="1.93"/>
  <testcase classname="com.orangehrm.qa.testcases.FreeDemoPageTest" name="createUser" time="1.987"/>
</testsuite> <!-- Default test -->
