<?xml version="1.0" encoding="UTF-8"?>
<!-- Generated by org.testng.reporters.JUnitXMLReporter -->
<testsuite ignored="0" hostname="HareKrishna" failures="0" tests="9" name="Regression Test Cases" time="184.121" errors="0" timestamp="2021-05-11T09:47:14 IST">
  <testcase classname="com.orangehrm.qa.testcases.LandingPageTest" name="validatetitleTest" time="0.047"/>
  <testcase classname="com.orangehrm.qa.testcases.LandingPageTest" name="validateLogoTest" time="0.14"/>
  <testcase classname="com.orangehrm.qa.testcases.LandingPageTest" name="clickOnFreedemoTest" time="3.769"/>
  <testcase classname="com.orangehrm.qa.testcases.ContactSalesPageTest" name="validateSocialMediaImageTest" time="0.081"/>
  <testcase classname="com.orangehrm.qa.testcases.ContactSalesPageTest" name="clickOnBlogTest" time="0.219"/>
  <testcase classname="com.orangehrm.qa.testcases.FreeDemoPageTest" name="createMultiUser" time="3.234"/>
  <testcase classname="com.orangehrm.qa.testcases.FreeDemoPageTest" name="createMultiUser" time="1.868"/>
  <testcase classname="com.orangehrm.qa.testcases.FreeDemoPageTest" name="createMultiUser" time="1.841"/>
  <testcase classname="com.orangehrm.qa.testcases.FreeDemoPageTest" name="createUser" time="2.119"/>
</testsuite> <!-- Regression Test Cases -->
