<?xml version="1.0" encoding="UTF-8"?>
<!-- Generated by org.testng.reporters.JUnitXMLReporter -->
<testsuite ignored="0" hostname="HareKrishna" failures="1" tests="9" name="Regression Test Cases" time="187.149" errors="0" timestamp="2021-05-12T19:10:34 IST">
  <testcase classname="com.orangehrm.qa.testcases.LandingPageTest" name="validatetitleTest" time="0.048">
    <failure type="java.lang.AssertionError" message="expected [HR Management System | HR Management  | OrangeHRM] but found [HR Management System | HR Management Software | OrangeHRM]">
      <![CDATA[java.lang.AssertionError: expected [HR Management System | HR Management  | OrangeHRM] but found [HR Management System | HR Management Software | OrangeHRM]
at com.orangehrm.qa.testcases.LandingPageTest.validatetitleTest(LandingPageTest.java:37)
at java.base/java.util.ArrayList.forEach(ArrayList.java:1511)
... Removed 33 stack frames]]>
    </failure>
  </testcase> <!-- validatetitleTest -->
  <testcase classname="com.orangehrm.qa.testcases.LandingPageTest" name="validateLogoTest" time="0.194"/>
  <testcase classname="com.orangehrm.qa.testcases.LandingPageTest" name="clickOnFreedemoTest" time="3.912"/>
  <testcase classname="com.orangehrm.qa.testcases.ContactSalesPageTest" name="validateSocialMediaImageTest" time="0.133"/>
  <testcase classname="com.orangehrm.qa.testcases.ContactSalesPageTest" name="clickOnBlogTest" time="0.238"/>
  <testcase classname="com.orangehrm.qa.testcases.FreeDemoPageTest" name="createMultiUser" time="2.116"/>
  <testcase classname="com.orangehrm.qa.testcases.FreeDemoPageTest" name="createMultiUser" time="2.198"/>
  <testcase classname="com.orangehrm.qa.testcases.FreeDemoPageTest" name="createMultiUser" time="1.801"/>
  <testcase classname="com.orangehrm.qa.testcases.FreeDemoPageTest" name="createUser" time="1.899"/>
</testsuite> <!-- Regression Test Cases -->
