<?xml version="1.0" encoding="UTF-8"?>
<testng-results ignored="0" total="9" passed="9" failed="0" skipped="0">
  <reporter-output>
  </reporter-output>
  <suite started-at="2021-05-11T09:44:10 IST" name="Orange Application Automation Suite" finished-at="2021-05-11T09:47:14 IST" duration-ms="184121">
    <groups>
    </groups>
    <test started-at="2021-05-11T09:44:10 IST" name="Regression Test Cases" finished-at="2021-05-11T09:47:14 IST" duration-ms="184121">
      <class name="com.orangehrm.qa.testcases.LandingPageTest">
        <test-method is-config="true" signature="setup()[pri:0, instance:com.orangehrm.qa.testcases.LandingPageTest@ea6147e]" started-at="2021-05-11T09:44:10 IST" name="setup" finished-at="2021-05-11T09:44:26 IST" duration-ms="16738" status="PASS">
          <reporter-output>
          </reporter-output>
        </test-method> <!-- setup -->
        <test-method signature="validatetitleTest()[pri:1, instance:com.orangehrm.qa.testcases.LandingPageTest@ea6147e]" started-at="2021-05-11T09:44:26 IST" name="validatetitleTest" finished-at="2021-05-11T09:44:26 IST" duration-ms="47" status="PASS">
          <reporter-output>
          </reporter-output>
        </test-method> <!-- validatetitleTest -->
        <test-method is-config="true" signature="tearDown()[pri:0, instance:com.orangehrm.qa.testcases.LandingPageTest@ea6147e]" started-at="2021-05-11T09:44:26 IST" name="tearDown" finished-at="2021-05-11T09:44:29 IST" duration-ms="2416" status="PASS">
          <reporter-output>
          </reporter-output>
        </test-method> <!-- tearDown -->
        <test-method is-config="true" signature="setup()[pri:0, instance:com.orangehrm.qa.testcases.LandingPageTest@ea6147e]" started-at="2021-05-11T09:44:29 IST" name="setup" finished-at="2021-05-11T09:44:46 IST" duration-ms="16884" status="PASS">
          <reporter-output>
          </reporter-output>
        </test-method> <!-- setup -->
        <test-method signature="validateLogoTest()[pri:2, instance:com.orangehrm.qa.testcases.LandingPageTest@ea6147e]" started-at="2021-05-11T09:44:46 IST" name="validateLogoTest" finished-at="2021-05-11T09:44:46 IST" duration-ms="140" status="PASS">
          <reporter-output>
          </reporter-output>
        </test-method> <!-- validateLogoTest -->
        <test-method is-config="true" signature="tearDown()[pri:0, instance:com.orangehrm.qa.testcases.LandingPageTest@ea6147e]" started-at="2021-05-11T09:44:46 IST" name="tearDown" finished-at="2021-05-11T09:44:47 IST" duration-ms="807" status="PASS">
          <reporter-output>
          </reporter-output>
        </test-method> <!-- tearDown -->
        <test-method is-config="true" signature="setup()[pri:0, instance:com.orangehrm.qa.testcases.LandingPageTest@ea6147e]" started-at="2021-05-11T09:44:47 IST" name="setup" finished-at="2021-05-11T09:44:59 IST" duration-ms="12446" status="PASS">
          <reporter-output>
          </reporter-output>
        </test-method> <!-- setup -->
        <test-method signature="clickOnFreedemoTest()[pri:3, instance:com.orangehrm.qa.testcases.LandingPageTest@ea6147e]" started-at="2021-05-11T09:44:59 IST" name="clickOnFreedemoTest" finished-at="2021-05-11T09:45:03 IST" duration-ms="3769" status="PASS">
          <reporter-output>
          </reporter-output>
        </test-method> <!-- clickOnFreedemoTest -->
        <test-method is-config="true" signature="tearDown()[pri:0, instance:com.orangehrm.qa.testcases.LandingPageTest@ea6147e]" started-at="2021-05-11T09:45:03 IST" name="tearDown" finished-at="2021-05-11T09:45:06 IST" duration-ms="2800" status="PASS">
          <reporter-output>
          </reporter-output>
        </test-method> <!-- tearDown -->
      </class> <!-- com.orangehrm.qa.testcases.LandingPageTest -->
      <class name="com.orangehrm.qa.testcases.ContactSalesPageTest">
        <test-method is-config="true" signature="setup()[pri:0, instance:com.orangehrm.qa.testcases.ContactSalesPageTest@4d02f94e]" started-at="2021-05-11T09:45:06 IST" name="setup" finished-at="2021-05-11T09:45:21 IST" duration-ms="14984" status="PASS">
          <reporter-output>
          </reporter-output>
        </test-method> <!-- setup -->
        <test-method signature="validateSocialMediaImageTest()[pri:1, instance:com.orangehrm.qa.testcases.ContactSalesPageTest@4d02f94e]" started-at="2021-05-11T09:45:21 IST" name="validateSocialMediaImageTest" finished-at="2021-05-11T09:45:21 IST" duration-ms="81" status="PASS">
          <reporter-output>
          </reporter-output>
        </test-method> <!-- validateSocialMediaImageTest -->
        <test-method is-config="true" signature="tearDown()[pri:0, instance:com.orangehrm.qa.testcases.ContactSalesPageTest@4d02f94e]" started-at="2021-05-11T09:45:21 IST" name="tearDown" finished-at="2021-05-11T09:45:24 IST" duration-ms="3572" status="PASS">
          <reporter-output>
          </reporter-output>
        </test-method> <!-- tearDown -->
        <test-method is-config="true" signature="setup()[pri:0, instance:com.orangehrm.qa.testcases.ContactSalesPageTest@4d02f94e]" started-at="2021-05-11T09:45:24 IST" name="setup" finished-at="2021-05-11T09:45:41 IST" duration-ms="16369" status="PASS">
          <reporter-output>
          </reporter-output>
        </test-method> <!-- setup -->
        <test-method signature="clickOnBlogTest()[pri:2, instance:com.orangehrm.qa.testcases.ContactSalesPageTest@4d02f94e]" started-at="2021-05-11T09:45:41 IST" name="clickOnBlogTest" finished-at="2021-05-11T09:45:41 IST" duration-ms="219" status="PASS">
          <reporter-output>
          </reporter-output>
        </test-method> <!-- clickOnBlogTest -->
        <test-method is-config="true" signature="tearDown()[pri:0, instance:com.orangehrm.qa.testcases.ContactSalesPageTest@4d02f94e]" started-at="2021-05-11T09:45:41 IST" name="tearDown" finished-at="2021-05-11T09:45:42 IST" duration-ms="778" status="PASS">
          <reporter-output>
          </reporter-output>
        </test-method> <!-- tearDown -->
      </class> <!-- com.orangehrm.qa.testcases.ContactSalesPageTest -->
      <class name="com.orangehrm.qa.testcases.FreeDemoPageTest">
        <test-method is-config="true" signature="setup()[pri:0, instance:com.orangehrm.qa.testcases.FreeDemoPageTest@2b48a640]" started-at="2021-05-11T09:45:43 IST" name="setup" finished-at="2021-05-11T09:46:02 IST" duration-ms="18786" status="PASS">
          <reporter-output>
          </reporter-output>
        </test-method> <!-- setup -->
        <test-method signature="createMultiUser(java.lang.String, java.lang.String, java.lang.String, java.lang.String, java.lang.String, java.lang.String)[pri:1, instance:com.orangehrm.qa.testcases.FreeDemoPageTest@2b48a640]" started-at="2021-05-11T09:46:02 IST" name="createMultiUser" data-provider="getOrangeTestData" finished-at="2021-05-11T09:46:05 IST" duration-ms="3234" status="PASS">
          <params>
            <param index="0">
              <value>
                <![CDATA[Tom]]>
              </value>
            </param>
            <param index="1">
              <value>
                <![CDATA[Peter]]>
              </value>
            </param>
            <param index="2">
              <value>
                <![CDATA[Google.com]]>
              </value>
            </param>
            <param index="3">
              <value>
                <![CDATA[1234.0]]>
              </value>
            </param>
            <param index="4">
              <value>
                <![CDATA[India]]>
              </value>
            </param>
            <param index="5">
              <value>
                <![CDATA[Madhya Pradesh]]>
              </value>
            </param>
          </params>
          <reporter-output>
          </reporter-output>
        </test-method> <!-- createMultiUser -->
        <test-method is-config="true" signature="tearDown()[pri:0, instance:com.orangehrm.qa.testcases.FreeDemoPageTest@2b48a640]" started-at="2021-05-11T09:46:05 IST" name="tearDown" finished-at="2021-05-11T09:46:07 IST" duration-ms="1258" status="PASS">
          <reporter-output>
          </reporter-output>
        </test-method> <!-- tearDown -->
        <test-method is-config="true" signature="setup()[pri:0, instance:com.orangehrm.qa.testcases.FreeDemoPageTest@2b48a640]" started-at="2021-05-11T09:46:07 IST" name="setup" finished-at="2021-05-11T09:46:25 IST" duration-ms="17957" status="PASS">
          <reporter-output>
          </reporter-output>
        </test-method> <!-- setup -->
        <test-method signature="createMultiUser(java.lang.String, java.lang.String, java.lang.String, java.lang.String, java.lang.String, java.lang.String)[pri:1, instance:com.orangehrm.qa.testcases.FreeDemoPageTest@2b48a640]" started-at="2021-05-11T09:46:25 IST" name="createMultiUser" data-provider="getOrangeTestData" finished-at="2021-05-11T09:46:26 IST" duration-ms="1868" status="PASS">
          <params>
            <param index="0">
              <value>
                <![CDATA[David]]>
              </value>
            </param>
            <param index="1">
              <value>
                <![CDATA[Cris]]>
              </value>
            </param>
            <param index="2">
              <value>
                <![CDATA[Amazon.com]]>
              </value>
            </param>
            <param index="3">
              <value>
                <![CDATA[5678.0]]>
              </value>
            </param>
            <param index="4">
              <value>
                <![CDATA[India]]>
              </value>
            </param>
            <param index="5">
              <value>
                <![CDATA[Goa]]>
              </value>
            </param>
          </params>
          <reporter-output>
          </reporter-output>
        </test-method> <!-- createMultiUser -->
        <test-method is-config="true" signature="tearDown()[pri:0, instance:com.orangehrm.qa.testcases.FreeDemoPageTest@2b48a640]" started-at="2021-05-11T09:46:26 IST" name="tearDown" finished-at="2021-05-11T09:46:28 IST" duration-ms="1899" status="PASS">
          <reporter-output>
          </reporter-output>
        </test-method> <!-- tearDown -->
        <test-method is-config="true" signature="setup()[pri:0, instance:com.orangehrm.qa.testcases.FreeDemoPageTest@2b48a640]" started-at="2021-05-11T09:46:28 IST" name="setup" finished-at="2021-05-11T09:46:47 IST" duration-ms="18632" status="PASS">
          <reporter-output>
          </reporter-output>
        </test-method> <!-- setup -->
        <test-method signature="createMultiUser(java.lang.String, java.lang.String, java.lang.String, java.lang.String, java.lang.String, java.lang.String)[pri:1, instance:com.orangehrm.qa.testcases.FreeDemoPageTest@2b48a640]" started-at="2021-05-11T09:46:47 IST" name="createMultiUser" data-provider="getOrangeTestData" finished-at="2021-05-11T09:46:49 IST" duration-ms="1841" status="PASS">
          <params>
            <param index="0">
              <value>
                <![CDATA[Mukta]]>
              </value>
            </param>
            <param index="1">
              <value>
                <![CDATA[Sharma]]>
              </value>
            </param>
            <param index="2">
              <value>
                <![CDATA[Ebay.com]]>
              </value>
            </param>
            <param index="3">
              <value>
                <![CDATA[9101112.0]]>
              </value>
            </param>
            <param index="4">
              <value>
                <![CDATA[India]]>
              </value>
            </param>
            <param index="5">
              <value>
                <![CDATA[Maharashtra]]>
              </value>
            </param>
          </params>
          <reporter-output>
          </reporter-output>
        </test-method> <!-- createMultiUser -->
        <test-method is-config="true" signature="tearDown()[pri:0, instance:com.orangehrm.qa.testcases.FreeDemoPageTest@2b48a640]" started-at="2021-05-11T09:46:49 IST" name="tearDown" finished-at="2021-05-11T09:46:53 IST" duration-ms="4113" status="PASS">
          <reporter-output>
          </reporter-output>
        </test-method> <!-- tearDown -->
        <test-method is-config="true" signature="setup()[pri:0, instance:com.orangehrm.qa.testcases.FreeDemoPageTest@2b48a640]" started-at="2021-05-11T09:46:53 IST" name="setup" finished-at="2021-05-11T09:47:10 IST" duration-ms="17259" status="PASS">
          <reporter-output>
          </reporter-output>
        </test-method> <!-- setup -->
        <test-method signature="createUser()[pri:1, instance:com.orangehrm.qa.testcases.FreeDemoPageTest@2b48a640]" started-at="2021-05-11T09:47:10 IST" name="createUser" finished-at="2021-05-11T09:47:12 IST" duration-ms="2119" status="PASS">
          <reporter-output>
          </reporter-output>
        </test-method> <!-- createUser -->
        <test-method is-config="true" signature="tearDown()[pri:0, instance:com.orangehrm.qa.testcases.FreeDemoPageTest@2b48a640]" started-at="2021-05-11T09:47:12 IST" name="tearDown" finished-at="2021-05-11T09:47:14 IST" duration-ms="1403" status="PASS">
          <reporter-output>
          </reporter-output>
        </test-method> <!-- tearDown -->
      </class> <!-- com.orangehrm.qa.testcases.FreeDemoPageTest -->
    </test> <!-- Regression Test Cases -->
  </suite> <!-- Orange Application Automation Suite -->
</testng-results>
